<?xml version="1.0" encoding="UTF-8"?>
<testng-results ignored="0" total="14" passed="14" failed="0" skipped="0">
  <reporter-output>
  </reporter-output>
  <suite started-at="2024-09-09T18:20:20 JST" name="Default suite" finished-at="2024-09-09T18:26:35 JST" duration-ms="374981">
    <groups>
      <group name="cucumber">
        <method signature="AbstractTestNGCucumberTests.runScenario(io.cucumber.testng.PickleWrapper,io.cucumber.testng.FeatureWrapper)[pri:0, instance:Runner.TestRunner@359df09a]" name="runScenario" class="io.cucumber.testng.AbstractTestNGCucumberTests"/>
      </group> <!-- cucumber -->
    </groups>
    <test started-at="2024-09-09T18:20:20 JST" name="Default test" finished-at="2024-09-09T18:26:35 JST" duration-ms="374981">
      <class name="Runner.TestRunner">
        <test-method is-config="true" signature="setUpClass()[pri:0, instance:Runner.TestRunner@359df09a]" started-at="2024-09-09T18:20:20 JST" name="setUpClass" finished-at="2024-09-09T18:20:21 JST" duration-ms="745" status="PASS">
          <reporter-output>
          </reporter-output>
        </test-method> <!-- setUpClass -->
        <test-method signature="runScenario(io.cucumber.testng.PickleWrapper,io.cucumber.testng.FeatureWrapper)[pri:0, instance:Runner.TestRunner@359df09a]" started-at="2024-09-09T18:20:21 JST" name="runScenario" description="Runs Cucumber Scenarios" data-provider="scenarios" finished-at="2024-09-09T18:20:29 JST" duration-ms="7538" status="PASS">
          <params>
            <param index="0">
              <value>
                <![CDATA["Verify app should open successfully without crashing"]]>
              </value>
            </param>
            <param index="1">
              <value>
                <![CDATA["RC4 Test Scenarios"]]>
              </value>
            </param>
          </params>
          <reporter-output>
          </reporter-output>
        </test-method> <!-- runScenario -->
        <test-method signature="runScenario(io.cucumber.testng.PickleWrapper,io.cucumber.testng.FeatureWrapper)[pri:0, instance:Runner.TestRunner@359df09a]" started-at="2024-09-09T18:20:29 JST" name="runScenario" description="Runs Cucumber Scenarios" data-provider="scenarios" finished-at="2024-09-09T18:20:51 JST" duration-ms="22417" status="PASS">
          <params>
            <param index="0">
              <value>
                <![CDATA["Verify all tabs open without any crashing i.e Home, Drink Logger, Drink Stats, More"]]>
              </value>
            </param>
            <param index="1">
              <value>
                <![CDATA["RC4 Test Scenarios"]]>
              </value>
            </param>
          </params>
          <reporter-output>
          </reporter-output>
        </test-method> <!-- runScenario -->
        <test-method signature="runScenario(io.cucumber.testng.PickleWrapper,io.cucumber.testng.FeatureWrapper)[pri:0, instance:Runner.TestRunner@359df09a]" started-at="2024-09-09T18:20:51 JST" name="runScenario" description="Runs Cucumber Scenarios" data-provider="scenarios" finished-at="2024-09-09T18:21:33 JST" duration-ms="41788" status="PASS">
          <params>
            <param index="0">
              <value>
                <![CDATA["verify User is able to Add/delete drink type as Beer without specifying Drink Details option"]]>
              </value>
            </param>
            <param index="1">
              <value>
                <![CDATA["RC4 Test Scenarios"]]>
              </value>
            </param>
          </params>
          <reporter-output>
          </reporter-output>
        </test-method> <!-- runScenario -->
        <test-method signature="runScenario(io.cucumber.testng.PickleWrapper,io.cucumber.testng.FeatureWrapper)[pri:0, instance:Runner.TestRunner@359df09a]" started-at="2024-09-09T18:21:33 JST" name="runScenario" description="Runs Cucumber Scenarios" data-provider="scenarios" finished-at="2024-09-09T18:21:44 JST" duration-ms="10840" status="PASS">
          <params>
            <param index="0">
              <value>
                <![CDATA["Verify Drinking stats arrow redirect user to drinking stats screen"]]>
              </value>
            </param>
            <param index="1">
              <value>
                <![CDATA["RC4 Test Scenarios"]]>
              </value>
            </param>
          </params>
          <reporter-output>
          </reporter-output>
        </test-method> <!-- runScenario -->
        <test-method signature="runScenario(io.cucumber.testng.PickleWrapper,io.cucumber.testng.FeatureWrapper)[pri:0, instance:Runner.TestRunner@359df09a]" started-at="2024-09-09T18:21:44 JST" name="runScenario" description="Runs Cucumber Scenarios" data-provider="scenarios" finished-at="2024-09-09T18:22:12 JST" duration-ms="28427" status="PASS">
          <params>
            <param index="0">
              <value>
                <![CDATA["verify the value of drinking days this week,Total drinks consumed this week and drink free days this week stats"]]>
              </value>
            </param>
            <param index="1">
              <value>
                <![CDATA["RC4 Test Scenarios"]]>
              </value>
            </param>
          </params>
          <reporter-output>
          </reporter-output>
        </test-method> <!-- runScenario -->
        <test-method signature="runScenario(io.cucumber.testng.PickleWrapper,io.cucumber.testng.FeatureWrapper)[pri:0, instance:Runner.TestRunner@359df09a]" started-at="2024-09-09T18:22:12 JST" name="runScenario" description="Runs Cucumber Scenarios" data-provider="scenarios" finished-at="2024-09-09T18:22:50 JST" duration-ms="37534" status="PASS">
          <params>
            <param index="0">
              <value>
                <![CDATA["Verify user is able to add a drink with Specify Drink Details screen with past date"]]>
              </value>
            </param>
            <param index="1">
              <value>
                <![CDATA["RC4 Test Scenarios"]]>
              </value>
            </param>
          </params>
          <reporter-output>
          </reporter-output>
        </test-method> <!-- runScenario -->
        <test-method signature="runScenario(io.cucumber.testng.PickleWrapper,io.cucumber.testng.FeatureWrapper)[pri:0, instance:Runner.TestRunner@359df09a]" started-at="2024-09-09T18:22:50 JST" name="runScenario" description="Runs Cucumber Scenarios" data-provider="scenarios" finished-at="2024-09-09T18:23:17 JST" duration-ms="27329" status="PASS">
          <params>
            <param index="0">
              <value>
                <![CDATA["verify User is able to Add drink type as Cocktail without specifying Drink Details option"]]>
              </value>
            </param>
            <param index="1">
              <value>
                <![CDATA["RC4 Test Scenarios"]]>
              </value>
            </param>
          </params>
          <reporter-output>
          </reporter-output>
        </test-method> <!-- runScenario -->
        <test-method signature="runScenario(io.cucumber.testng.PickleWrapper,io.cucumber.testng.FeatureWrapper)[pri:0, instance:Runner.TestRunner@359df09a]" started-at="2024-09-09T18:23:17 JST" name="runScenario" description="Runs Cucumber Scenarios" data-provider="scenarios" finished-at="2024-09-09T18:23:44 JST" duration-ms="27320" status="PASS">
          <params>
            <param index="0">
              <value>
                <![CDATA["verify User is able to Add drink type as Liquor without specifying Drink Details option"]]>
              </value>
            </param>
            <param index="1">
              <value>
                <![CDATA["RC4 Test Scenarios"]]>
              </value>
            </param>
          </params>
          <reporter-output>
          </reporter-output>
        </test-method> <!-- runScenario -->
        <test-method signature="runScenario(io.cucumber.testng.PickleWrapper,io.cucumber.testng.FeatureWrapper)[pri:0, instance:Runner.TestRunner@359df09a]" started-at="2024-09-09T18:23:44 JST" name="runScenario" description="Runs Cucumber Scenarios" data-provider="scenarios" finished-at="2024-09-09T18:24:12 JST" duration-ms="27169" status="PASS">
          <params>
            <param index="0">
              <value>
                <![CDATA["verify User is able to Add drink type as wine without specifying Drink Details option"]]>
              </value>
            </param>
            <param index="1">
              <value>
                <![CDATA["RC4 Test Scenarios"]]>
              </value>
            </param>
          </params>
          <reporter-output>
          </reporter-output>
        </test-method> <!-- runScenario -->
        <test-method signature="runScenario(io.cucumber.testng.PickleWrapper,io.cucumber.testng.FeatureWrapper)[pri:0, instance:Runner.TestRunner@359df09a]" started-at="2024-09-09T18:24:12 JST" name="runScenario" description="Runs Cucumber Scenarios" data-provider="scenarios" finished-at="2024-09-09T18:24:32 JST" duration-ms="20590" status="PASS">
          <params>
            <param index="0">
              <value>
                <![CDATA["Tap to Take a photo button and verify camera should open"]]>
              </value>
            </param>
            <param index="1">
              <value>
                <![CDATA["RC4 Test Scenarios"]]>
              </value>
            </param>
          </params>
          <reporter-output>
          </reporter-output>
        </test-method> <!-- runScenario -->
        <test-method signature="runScenario(io.cucumber.testng.PickleWrapper,io.cucumber.testng.FeatureWrapper)[pri:0, instance:Runner.TestRunner@359df09a]" started-at="2024-09-09T18:24:32 JST" name="runScenario" description="Runs Cucumber Scenarios" data-provider="scenarios" finished-at="2024-09-09T18:24:53 JST" duration-ms="20691" status="PASS">
          <params>
            <param index="0">
              <value>
                <![CDATA["Tap to Take a photo button and verify camera should open"]]>
              </value>
            </param>
            <param index="1">
              <value>
                <![CDATA["RC4 Test Scenarios"]]>
              </value>
            </param>
          </params>
          <reporter-output>
          </reporter-output>
        </test-method> <!-- runScenario -->
        <test-method signature="runScenario(io.cucumber.testng.PickleWrapper,io.cucumber.testng.FeatureWrapper)[pri:0, instance:Runner.TestRunner@359df09a]" started-at="2024-09-09T18:24:53 JST" name="runScenario" description="Runs Cucumber Scenarios" data-provider="scenarios" finished-at="2024-09-09T18:25:23 JST" duration-ms="30081" status="PASS">
          <params>
            <param index="0">
              <value>
                <![CDATA["Verify user is able to add a drink with Specify Drink Details screen"]]>
              </value>
            </param>
            <param index="1">
              <value>
                <![CDATA["RC4 Test Scenarios"]]>
              </value>
            </param>
          </params>
          <reporter-output>
          </reporter-output>
        </test-method> <!-- runScenario -->
        <test-method signature="runScenario(io.cucumber.testng.PickleWrapper,io.cucumber.testng.FeatureWrapper)[pri:0, instance:Runner.TestRunner@359df09a]" started-at="2024-09-09T18:25:23 JST" name="runScenario" description="Runs Cucumber Scenarios" data-provider="scenarios" finished-at="2024-09-09T18:25:59 JST" duration-ms="36509" status="PASS">
          <params>
            <param index="0">
              <value>
                <![CDATA["Verify user is able to add a drink as type Cocktail"]]>
              </value>
            </param>
            <param index="1">
              <value>
                <![CDATA["RC4 Test Scenarios"]]>
              </value>
            </param>
          </params>
          <reporter-output>
          </reporter-output>
        </test-method> <!-- runScenario -->
        <test-method signature="runScenario(io.cucumber.testng.PickleWrapper,io.cucumber.testng.FeatureWrapper)[pri:0, instance:Runner.TestRunner@359df09a]" started-at="2024-09-09T18:25:59 JST" name="runScenario" description="Runs Cucumber Scenarios" data-provider="scenarios" finished-at="2024-09-09T18:26:31 JST" duration-ms="31123" status="PASS">
          <params>
            <param index="0">
              <value>
                <![CDATA["Verify user is able to add a drink as type wine"]]>
              </value>
            </param>
            <param index="1">
              <value>
                <![CDATA["RC4 Test Scenarios"]]>
              </value>
            </param>
          </params>
          <reporter-output>
          </reporter-output>
        </test-method> <!-- runScenario -->
        <test-method is-config="true" signature="tearDownClass()[pri:0, instance:Runner.TestRunner@359df09a]" started-at="2024-09-09T18:26:31 JST" name="tearDownClass" finished-at="2024-09-09T18:26:35 JST" duration-ms="4616" status="PASS">
          <reporter-output>
          </reporter-output>
        </test-method> <!-- tearDownClass -->
      </class> <!-- Runner.TestRunner -->
    </test> <!-- Default test -->
  </suite> <!-- Default suite -->
</testng-results>
